Using pre-set license

 COMMAND LINE ARGUMENTS:
/Applications/Unity/Hub/Editor/2020.3.1f1/Unity.app/Contents/MacOS/Unity
-adb2
-batchMode
-noUpm
-name
AssetImportWorker1
-projectPath
/Users/muhammedfaruksogut/Desktop/shootting game/Shooting Colors 3D Demo
-logFile
Logs/AssetImportWorker1.log
-srvPort
49316
Successfully changed project path to: /Users/muhammedfaruksogut/Desktop/shootting game/Shooting Colors 3D Demo
/Users/muhammedfaruksogut/Desktop/shootting game/Shooting Colors 3D Demo
Using Asset Import Pipeline V2.
Refreshing native plugins compatible for Editor in 26.30 ms, found 1 plugins.
Preloading 0 native plugins for Editor in 0.00 ms.
Initialize engine version: 2020.3.1f1 (77a89f25062f)
[Subsystems] Discovering subsystems at path /Applications/Unity/Hub/Editor/2020.3.1f1/Unity.app/Contents/Resources/UnitySubsystems
[Subsystems] Discovering subsystems at path /Users/muhammedfaruksogut/Desktop/shootting game/Shooting Colors 3D Demo/Assets
GfxDevice: creating device client; threaded=0
2021-05-01 14:36:11.364 Unity[7873:189481] (null) preferred device: Apple M1 (high power)
2021-05-01 14:36:11.364 Unity[7873:189481] Metal devices available: 1
2021-05-01 14:36:11.364 Unity[7873:189481] 0: Apple M1 (high power)
2021-05-01 14:36:11.364 Unity[7873:189481] Using device Apple M1 (high power)
Initializing Metal device caps: Apple M1
Initialize mono
Mono path[0] = '/Applications/Unity/Hub/Editor/2020.3.1f1/Unity.app/Contents/Managed'
Mono path[1] = '/Applications/Unity/Hub/Editor/2020.3.1f1/Unity.app/Contents/MonoBleedingEdge/lib/mono/unityjit'
Mono config path = '/Applications/Unity/Hub/Editor/2020.3.1f1/Unity.app/Contents/MonoBleedingEdge/etc'
Using monoOptions --debugger-agent=transport=dt_socket,embedding=1,server=y,suspend=n,address=127.0.0.1:56873
Begin MonoManager ReloadAssembly
Registering precompiled unity dll's ...
Register platform support module: /Applications/Unity/Hub/Editor/2020.3.1f1/Unity.app/Contents/PlaybackEngines/MacStandaloneSupport/UnityEditor.OSXStandalone.Extensions.dll
Registered in 0.001030 seconds.
Native extension for OSXStandalone target not found
Refreshing native plugins compatible for Editor in 23.15 ms, found 1 plugins.
Preloading 0 native plugins for Editor in 0.00 ms.
Invoked RoslynAnalysisRunner static constructor.
RoslynAnalysisRunner will not be running.
RoslynAnalysisRunner has terminated.
Mono: successfully reloaded assembly
- Completed reload, in  2.823 seconds
Platform modules already initialized, skipping
Registering precompiled user dll's ...
Registered in 0.001618 seconds.
Begin MonoManager ReloadAssembly
Native extension for OSXStandalone target not found
Refreshing native plugins compatible for Editor in 0.21 ms, found 1 plugins.
Preloading 0 native plugins for Editor in 0.00 ms.
Invoked RoslynAnalysisRunner static constructor.
RoslynAnalysisRunner will not be running.
RoslynAnalysisRunner has terminated.
Mono: successfully reloaded assembly
- Completed reload, in  1.801 seconds
Platform modules already initialized, skipping
========================================================================
Worker process is ready to serve import requests
Launching external process: /Applications/Unity/Hub/Editor/2020.3.1f1/Unity.app/Contents/Tools/UnityShaderCompiler
Launched and connected shader compiler UnityShaderCompiler after 0.03 seconds
Refreshing native plugins compatible for Editor in 0.21 ms, found 1 plugins.
Preloading 0 native plugins for Editor in 0.00 ms.
Unloading 1133 Unused Serialized files (Serialized files now loaded: 0)
System memory in use before: 198.1 MB.
System memory in use after: 198.1 MB.

Unloading 12 unused Assets to reduce memory usage. Loaded Objects now: 1601.
Total: 1.402041 ms (FindLiveObjects: 0.162458 ms CreateObjectMapping: 0.024583 ms MarkObjects: 1.124292 ms  DeleteObjects: 0.089458 ms)

========================================================================
Received Import Request.
  path: Assets/Scripts/engel.cs
  artifactKey: Guid(53aee1b276ec5426fa90585cdf164d88) Importer(815301076,1909f56bfc062723c751e8b465ee728b)
Start importing Assets/Scripts/engel.cs using Guid(53aee1b276ec5426fa90585cdf164d88) Importer(815301076,1909f56bfc062723c751e8b465ee728b)  -> (artifact id: '000005521a41ec44eaa16bec73e969dd') in 0.509289 seconds
  Import took 0.511089 seconds .

========================================================================
Received Import Request.
  Time since last request: 0.000346 seconds.
  path: Assets/Scripts/Cube.cs
  artifactKey: Guid(ca8e4f5f0dc6e4795aa28ee2501ae91c) Importer(815301076,1909f56bfc062723c751e8b465ee728b)
Start importing Assets/Scripts/Cube.cs using Guid(ca8e4f5f0dc6e4795aa28ee2501ae91c) Importer(815301076,1909f56bfc062723c751e8b465ee728b)  -> (artifact id: '14ac4e910de79e85a552efa0b9bf8d10') in 0.001037 seconds
  Import took 0.002591 seconds .

========================================================================
Received Import Request.
  Time since last request: 0.000457 seconds.
  path: Assets/Scripts/FinishScene.cs
  artifactKey: Guid(830f98c07ea7b47ee8c801d0d8a74320) Importer(815301076,1909f56bfc062723c751e8b465ee728b)
Start importing Assets/Scripts/FinishScene.cs using Guid(830f98c07ea7b47ee8c801d0d8a74320) Importer(815301076,1909f56bfc062723c751e8b465ee728b)  -> (artifact id: 'b247779525700fa71972d093aa0f7f46') in 0.000935 seconds
  Import took 0.002642 seconds .

========================================================================
Received Import Request.
  Time since last request: 2.645248 seconds.
  path: Assets/Scripts/LevelManager.cs
  artifactKey: Guid(1ce9482a30cd64111887f2fad6cc9723) Importer(815301076,1909f56bfc062723c751e8b465ee728b)
Start importing Assets/Scripts/LevelManager.cs using Guid(1ce9482a30cd64111887f2fad6cc9723) Importer(815301076,1909f56bfc062723c751e8b465ee728b)  -> (artifact id: 'd5462646a11e3f23a57e5649bdc27646') in 0.003605 seconds
  Import took 0.006082 seconds .

========================================================================
Received Import Request.
  Time since last request: 0.003673 seconds.
  path: Assets/Scripts/LevelManager.cs
  artifactKey: Guid(1ce9482a30cd64111887f2fad6cc9723) Importer(815301076,1909f56bfc062723c751e8b465ee728b)
Start importing Assets/Scripts/LevelManager.cs using Guid(1ce9482a30cd64111887f2fad6cc9723) Importer(815301076,1909f56bfc062723c751e8b465ee728b)  -> (artifact id: 'd5462646a11e3f23a57e5649bdc27646') in 0.001004 seconds
  Import took 0.002822 seconds .

========================================================================
Received Import Request.
  Time since last request: 2.173551 seconds.
  path: Assets/Scripts/redBlock.cs
  artifactKey: Guid(a71cfb8d85a8f4ef1b7ac674c4f3ff13) Importer(815301076,1909f56bfc062723c751e8b465ee728b)
Start importing Assets/Scripts/redBlock.cs using Guid(a71cfb8d85a8f4ef1b7ac674c4f3ff13) Importer(815301076,1909f56bfc062723c751e8b465ee728b)  -> (artifact id: '0f548d8f710c65dc077ea4fd884e15d2') in 0.001138 seconds
  Import took 0.002934 seconds .

========================================================================
Received Import Request.
  Time since last request: 0.002366 seconds.
  path: Assets/Scripts/redBlock.cs
  artifactKey: Guid(a71cfb8d85a8f4ef1b7ac674c4f3ff13) Importer(815301076,1909f56bfc062723c751e8b465ee728b)
Start importing Assets/Scripts/redBlock.cs using Guid(a71cfb8d85a8f4ef1b7ac674c4f3ff13) Importer(815301076,1909f56bfc062723c751e8b465ee728b)  -> (artifact id: '0f548d8f710c65dc077ea4fd884e15d2') in 0.002051 seconds
  Import took 0.004480 seconds .

========================================================================
Received Import Request.
  Time since last request: 2.231197 seconds.
  path: Assets/Scripts/SceneController.cs
  artifactKey: Guid(de9bd06d9e0e6484a8cd863010d1cb27) Importer(815301076,1909f56bfc062723c751e8b465ee728b)
Start importing Assets/Scripts/SceneController.cs using Guid(de9bd06d9e0e6484a8cd863010d1cb27) Importer(815301076,1909f56bfc062723c751e8b465ee728b)  -> (artifact id: '6b0c8b5c686818dd30fb859712ccfae7') in 0.001275 seconds
  Import took 0.003493 seconds .

========================================================================
Received Import Request.
  Time since last request: 0.004678 seconds.
  path: Assets/Scripts/SceneController.cs
  artifactKey: Guid(de9bd06d9e0e6484a8cd863010d1cb27) Importer(815301076,1909f56bfc062723c751e8b465ee728b)
Start importing Assets/Scripts/SceneController.cs using Guid(de9bd06d9e0e6484a8cd863010d1cb27) Importer(815301076,1909f56bfc062723c751e8b465ee728b)  -> (artifact id: '6b0c8b5c686818dd30fb859712ccfae7') in 0.001035 seconds
  Import took 0.002828 seconds .

========================================================================
Received Import Request.
  Time since last request: 2.244879 seconds.
  path: Assets/Scripts/ShooterControl.cs
  artifactKey: Guid(77087bbc90ca443c6bd9973422880cf7) Importer(815301076,1909f56bfc062723c751e8b465ee728b)
Start importing Assets/Scripts/ShooterControl.cs using Guid(77087bbc90ca443c6bd9973422880cf7) Importer(815301076,1909f56bfc062723c751e8b465ee728b)  -> (artifact id: '339ab48694010d7d4df9f8862a1acc7e') in 0.001456 seconds
  Import took 0.003708 seconds .

========================================================================
Received Import Request.
  Time since last request: 0.005454 seconds.
  path: Assets/Scripts/ShooterControl.cs
  artifactKey: Guid(77087bbc90ca443c6bd9973422880cf7) Importer(815301076,1909f56bfc062723c751e8b465ee728b)
Start importing Assets/Scripts/ShooterControl.cs using Guid(77087bbc90ca443c6bd9973422880cf7) Importer(815301076,1909f56bfc062723c751e8b465ee728b)  -> (artifact id: '339ab48694010d7d4df9f8862a1acc7e') in 0.001061 seconds
  Import took 0.002717 seconds .

========================================================================
Received Import Request.
  Time since last request: 2.993732 seconds.
  path: Assets/Scripts/ShootSpawn.cs
  artifactKey: Guid(4509cff049d304ff99bc9b5ea113b23a) Importer(815301076,1909f56bfc062723c751e8b465ee728b)
Start importing Assets/Scripts/ShootSpawn.cs using Guid(4509cff049d304ff99bc9b5ea113b23a) Importer(815301076,1909f56bfc062723c751e8b465ee728b)  -> (artifact id: '46b792d5e6e68d5e901d3aeece1bc845') in 0.001395 seconds
  Import took 0.003874 seconds .

========================================================================
Received Import Request.
  Time since last request: 0.003251 seconds.
  path: Assets/Scripts/ShootSpawn.cs
  artifactKey: Guid(4509cff049d304ff99bc9b5ea113b23a) Importer(815301076,1909f56bfc062723c751e8b465ee728b)
Start importing Assets/Scripts/ShootSpawn.cs using Guid(4509cff049d304ff99bc9b5ea113b23a) Importer(815301076,1909f56bfc062723c751e8b465ee728b)  -> (artifact id: '46b792d5e6e68d5e901d3aeece1bc845') in 0.001210 seconds
  Import took 0.003249 seconds .

========================================================================
Received Import Request.
  Time since last request: 2.518716 seconds.
  path: Assets/Scripts/SoundManager.cs
  artifactKey: Guid(79e877f77152440ceabdc6584f193a10) Importer(815301076,1909f56bfc062723c751e8b465ee728b)
Start importing Assets/Scripts/SoundManager.cs using Guid(79e877f77152440ceabdc6584f193a10) Importer(815301076,1909f56bfc062723c751e8b465ee728b)  -> (artifact id: '70ec292875f6f9ca077c1f6c1737b013') in 0.001222 seconds
  Import took 0.003457 seconds .

========================================================================
Received Import Request.
  Time since last request: 0.004308 seconds.
  path: Assets/Scripts/SoundManager.cs
  artifactKey: Guid(79e877f77152440ceabdc6584f193a10) Importer(815301076,1909f56bfc062723c751e8b465ee728b)
Start importing Assets/Scripts/SoundManager.cs using Guid(79e877f77152440ceabdc6584f193a10) Importer(815301076,1909f56bfc062723c751e8b465ee728b)  -> (artifact id: '70ec292875f6f9ca077c1f6c1737b013') in 0.001066 seconds
  Import took 0.003096 seconds .

========================================================================
Received Import Request.
  Time since last request: 3.135411 seconds.
  path: Assets/Scripts/UImanager.cs
  artifactKey: Guid(2b810820de64e43ae975ae08555528d5) Importer(815301076,1909f56bfc062723c751e8b465ee728b)
Start importing Assets/Scripts/UImanager.cs using Guid(2b810820de64e43ae975ae08555528d5) Importer(815301076,1909f56bfc062723c751e8b465ee728b)  -> (artifact id: '24905b244a9387e219641c157e99c118') in 0.001262 seconds
  Import took 0.003475 seconds .

========================================================================
Received Import Request.
  Time since last request: 0.000680 seconds.
  path: Assets/Scripts/UImanager.cs
  artifactKey: Guid(2b810820de64e43ae975ae08555528d5) Importer(815301076,1909f56bfc062723c751e8b465ee728b)
Start importing Assets/Scripts/UImanager.cs using Guid(2b810820de64e43ae975ae08555528d5) Importer(815301076,1909f56bfc062723c751e8b465ee728b)  -> (artifact id: '24905b244a9387e219641c157e99c118') in 0.001099 seconds
  Import took 0.003093 seconds .

========================================================================
Received Prepare
Refreshing native plugins compatible for Editor in 1.11 ms, found 1 plugins.
Preloading 0 native plugins for Editor in 0.00 ms.
Unloading 5 Unused Serialized files (Serialized files now loaded: 0)
System memory in use before: 180.0 MB.
System memory in use after: 180.1 MB.

Unloading 5 unused Assets to reduce memory usage. Loaded Objects now: 1601.
Total: 1.233541 ms (FindLiveObjects: 0.124375 ms CreateObjectMapping: 0.023500 ms MarkObjects: 1.030334 ms  DeleteObjects: 0.054833 ms)

========================================================================
Received Import Request.
  Time since last request: 724.593293 seconds.
  path: Assets/Scenes/3.unity
  artifactKey: Guid(f7b01f873a5ec46fda7180a01566f451) Importer(815301076,1909f56bfc062723c751e8b465ee728b)
Start importing Assets/Scenes/3.unity using Guid(f7b01f873a5ec46fda7180a01566f451) Importer(815301076,1909f56bfc062723c751e8b465ee728b)  -> (artifact id: '27017f9eaef98cac7bd0eab3d03fee8b') in 0.027043 seconds
  Import took 0.034748 seconds .

========================================================================
Received Import Request.
  Time since last request: 1.099229 seconds.
  path: Assets/Scenes/2.unity
  artifactKey: Guid(68ee5664dd4eb4a0cabb6fd1b89b7ca9) Importer(815301076,1909f56bfc062723c751e8b465ee728b)
Start importing Assets/Scenes/2.unity using Guid(68ee5664dd4eb4a0cabb6fd1b89b7ca9) Importer(815301076,1909f56bfc062723c751e8b465ee728b)  -> (artifact id: '8bf0aaaca6a984b1781ac3cf8516de89') in 0.005861 seconds
  Import took 0.008336 seconds .

========================================================================
Received Import Request.
  Time since last request: 33.700343 seconds.
  path: Assets/Scenes/4.unity
  artifactKey: Guid(71a506889e87543728fce34b07144b3e) Importer(815301076,1909f56bfc062723c751e8b465ee728b)
Start importing Assets/Scenes/4.unity using Guid(71a506889e87543728fce34b07144b3e) Importer(815301076,1909f56bfc062723c751e8b465ee728b)  -> (artifact id: 'ca81830099755428e25cb693b7bc0b35') in 0.001525 seconds
  Import took 0.004537 seconds .

========================================================================
Received Import Request.
  Time since last request: 22.658033 seconds.
  path: Assets/Scenes/finish.unity
  artifactKey: Guid(b0c44b834b3f34eac8290fd1955f1966) Importer(815301076,1909f56bfc062723c751e8b465ee728b)
Start importing Assets/Scenes/finish.unity using Guid(b0c44b834b3f34eac8290fd1955f1966) Importer(815301076,1909f56bfc062723c751e8b465ee728b)  -> (artifact id: '70bba2aa67617de6e1e7c5db70ef77b8') in 0.002033 seconds
  Import took 0.004313 seconds .

========================================================================
Received Import Request.
  Time since last request: 0.000697 seconds.
  path: Assets/Scenes/finish.unity
  artifactKey: Guid(b0c44b834b3f34eac8290fd1955f1966) Importer(815301076,1909f56bfc062723c751e8b465ee728b)
Start importing Assets/Scenes/finish.unity using Guid(b0c44b834b3f34eac8290fd1955f1966) Importer(815301076,1909f56bfc062723c751e8b465ee728b)  -> (artifact id: '70bba2aa67617de6e1e7c5db70ef77b8') in 0.001302 seconds
  Import took 0.003153 seconds .

========================================================================
Received Import Request.
  Time since last request: 30.883344 seconds.
  path: Assets/Scenes/1.unity
  artifactKey: Guid(9fc0d4010bbf28b4594072e72b8655ab) Importer(815301076,1909f56bfc062723c751e8b465ee728b)
Start importing Assets/Scenes/1.unity using Guid(9fc0d4010bbf28b4594072e72b8655ab) Importer(815301076,1909f56bfc062723c751e8b465ee728b)  -> (artifact id: 'a63725aaded8bab3714fe6d58441cd48') in 0.001539 seconds
  Import took 0.004038 seconds .

========================================================================
Received Prepare
Registering precompiled user dll's ...
Registered in 0.000543 seconds.
Begin MonoManager ReloadAssembly
Native extension for OSXStandalone target not found
Refreshing native plugins compatible for Editor in 0.22 ms, found 1 plugins.
Preloading 0 native plugins for Editor in 0.00 ms.
Invoked RoslynAnalysisRunner static constructor.
RoslynAnalysisRunner will not be running.
RoslynAnalysisRunner has terminated.
Mono: successfully reloaded assembly
- Completed reload, in  1.805 seconds
Platform modules already initialized, skipping
Switching build target platform(2) subTarget(0) extendedPlatform(0) -> platform(13) subTarget(537395200) extendedPlatform(0)
Refreshing native plugins compatible for Editor in 0.21 ms, found 1 plugins.
Preloading 0 native plugins for Editor in 0.00 ms.
Unloading 1131 Unused Serialized files (Serialized files now loaded: 0)
System memory in use before: 201.4 MB.
System memory in use after: 201.5 MB.

Unloading 7 unused Assets to reduce memory usage. Loaded Objects now: 1604.
Total: 1.204000 ms (FindLiveObjects: 0.126500 ms CreateObjectMapping: 0.023708 ms MarkObjects: 0.991291 ms  DeleteObjects: 0.061458 ms)

AssetImportParameters requested are different than current active one (requested -> active):
  custom:graphics/normal-map-encoding: 01000000000000000000000000000000 -> 02000000000000000000000000000000
========================================================================
Received Prepare
Registering precompiled user dll's ...
Registered in 0.000454 seconds.
Begin MonoManager ReloadAssembly
Native extension for OSXStandalone target not found
Refreshing native plugins compatible for Editor in 0.21 ms, found 1 plugins.
Preloading 0 native plugins for Editor in 0.00 ms.
Invoked RoslynAnalysisRunner static constructor.
RoslynAnalysisRunner will not be running.
RoslynAnalysisRunner has terminated.
Mono: successfully reloaded assembly
- Completed reload, in  1.774 seconds
Platform modules already initialized, skipping
Switching build target platform(2) subTarget(0) extendedPlatform(0) -> platform(13) subTarget(537395200) extendedPlatform(0)
Refreshing native plugins compatible for Editor in 0.20 ms, found 1 plugins.
Preloading 0 native plugins for Editor in 0.00 ms.
Unloading 1131 Unused Serialized files (Serialized files now loaded: 0)
System memory in use before: 201.6 MB.
System memory in use after: 201.7 MB.

Unloading 7 unused Assets to reduce memory usage. Loaded Objects now: 1607.
Total: 1.155042 ms (FindLiveObjects: 0.096291 ms CreateObjectMapping: 0.023667 ms MarkObjects: 0.980125 ms  DeleteObjects: 0.053833 ms)

AssetImportParameters requested are different than current active one (requested -> active):
  custom:graphics/normal-map-encoding: 01000000000000000000000000000000 -> 02000000000000000000000000000000
========================================================================
Received Prepare
Registering precompiled user dll's ...
Registered in 0.000442 seconds.
Begin MonoManager ReloadAssembly
Native extension for OSXStandalone target not found
Refreshing native plugins compatible for Editor in 0.21 ms, found 1 plugins.
Preloading 0 native plugins for Editor in 0.00 ms.
Invoked RoslynAnalysisRunner static constructor.
RoslynAnalysisRunner will not be running.
RoslynAnalysisRunner has terminated.
Mono: successfully reloaded assembly
- Completed reload, in  1.650 seconds
Platform modules already initialized, skipping
Switching build target platform(2) subTarget(0) extendedPlatform(0) -> platform(13) subTarget(537395200) extendedPlatform(0)
Refreshing native plugins compatible for Editor in 0.18 ms, found 1 plugins.
Preloading 0 native plugins for Editor in 0.00 ms.
Unloading 1131 Unused Serialized files (Serialized files now loaded: 0)
System memory in use before: 201.8 MB.
System memory in use after: 201.9 MB.

Unloading 7 unused Assets to reduce memory usage. Loaded Objects now: 1610.
Total: 1.203333 ms (FindLiveObjects: 0.092375 ms CreateObjectMapping: 0.025500 ms MarkObjects: 1.029041 ms  DeleteObjects: 0.055500 ms)

AssetImportParameters requested are different than current active one (requested -> active):
  custom:graphics/normal-map-encoding: 01000000000000000000000000000000 -> 02000000000000000000000000000000
========================================================================
Received Prepare
Refreshing native plugins compatible for Editor in 1.17 ms, found 1 plugins.
Preloading 0 native plugins for Editor in 0.00 ms.
Unloading 5 Unused Serialized files (Serialized files now loaded: 0)
System memory in use before: 180.8 MB.
System memory in use after: 180.9 MB.

Unloading 5 unused Assets to reduce memory usage. Loaded Objects now: 1610.
Total: 3.082250 ms (FindLiveObjects: 0.108541 ms CreateObjectMapping: 0.022792 ms MarkObjects: 2.894583 ms  DeleteObjects: 0.055583 ms)

AssetImportWorkerClient::OnTransportError - code=2 error=End of file
